<?xml version="1.0" encoding="UTF-8"?>
<!-- Generated by org.testng.reporters.JUnitXMLReporter -->
<testsuite ignored="2" hostname="DESKTOP-0IOJUUR" failures="0" tests="1" name="Default test" time="17.959" errors="0" timestamp="2024-11-05T16:22:55 IST">
  <testcase classname="testpackg.SearchboxTest" name="Test3" time="7.93"/>
  <testcase classname="testpackg.SearchboxTest" name="Test2" time="0.0">
    <ignored/>
  </testcase> <!-- Test2 -->
  <testcase classname="testpackg.SearchboxTest" name="Test1hotel" time="0.0">
    <ignored/>
  </testcase> <!-- Test1hotel -->
</testsuite> <!-- Default test -->
