<?xml version="1.0" encoding="UTF-8"?>
<!-- Generated by org.testng.reporters.JUnitXMLReporter -->
<testsuite ignored="1" hostname="DESKTOP-0IOJUUR" failures="0" tests="2" name="Default test" time="27.443" errors="0" timestamp="2024-11-06T19:00:07 IST">
  <testcase classname="testpackg.SearchboxTest" name="Test2hotel" time="10.29"/>
  <testcase classname="testpackg.SearchboxTest" name="Test3" time="6.55"/>
  <testcase classname="testpackg.SearchboxTest" name="Test1hotel" time="0.0">
    <ignored/>
  </testcase> <!-- Test1hotel -->
</testsuite> <!-- Default test -->
