<?xml version="1.0" encoding="UTF-8"?>
<testng-results ignored="1" total="3" passed="2" failed="0" skipped="0">
  <reporter-output>
  </reporter-output>
  <suite started-at="2024-11-06T18:59:39 IST" name="Default suite" finished-at="2024-11-06T19:00:07 IST" duration-ms="27443">
    <groups>
    </groups>
    <test started-at="2024-11-06T18:59:39 IST" name="Default test" finished-at="2024-11-06T19:00:07 IST" duration-ms="27443">
      <class name="testpackg.SearchboxTest">
        <test-method is-config="true" signature="beftest()[pri:0, instance:testpackg.SearchboxTest@248e319b]" started-at="2024-11-06T18:59:39 IST" name="beftest" finished-at="2024-11-06T18:59:41 IST" duration-ms="1569" status="PASS">
          <reporter-output>
          </reporter-output>
        </test-method> <!-- beftest -->
        <test-method is-config="true" signature="setup()[pri:0, instance:testpackg.SearchboxTest@248e319b]" started-at="2024-11-06T18:59:41 IST" name="setup" finished-at="2024-11-06T18:59:47 IST" duration-ms="5850" status="PASS">
          <reporter-output>
          </reporter-output>
        </test-method> <!-- setup -->
        <test-method signature="Test2hotel()[pri:0, instance:testpackg.SearchboxTest@248e319b]" started-at="2024-11-06T18:59:47 IST" name="Test2hotel" finished-at="2024-11-06T18:59:57 IST" duration-ms="10290" status="PASS">
          <reporter-output>
          </reporter-output>
        </test-method> <!-- Test2hotel -->
        <test-method is-config="true" signature="browserclose(org.testng.ITestResult)[pri:0, instance:testpackg.SearchboxTest@248e319b]" started-at="2024-11-06T18:59:57 IST" name="browserclose" finished-at="2024-11-06T18:59:57 IST" duration-ms="11" status="PASS">
          <params>
            <param index="0">
              <value>
                <![CDATA[[TestResult name=Test2hotel status=SUCCESS method=SearchboxTest.Test2hotel()[pri:0, instance:testpackg.SearchboxTest@248e319b] output={null}]]]>
              </value>
            </param>
          </params>
          <reporter-output>
          </reporter-output>
        </test-method> <!-- browserclose -->
        <test-method is-config="true" signature="setup()[pri:0, instance:testpackg.SearchboxTest@248e319b]" started-at="2024-11-06T18:59:57 IST" name="setup" finished-at="2024-11-06T19:00:00 IST" duration-ms="2629" status="PASS">
          <reporter-output>
          </reporter-output>
        </test-method> <!-- setup -->
        <test-method signature="Test3()[pri:0, instance:testpackg.SearchboxTest@248e319b]" started-at="2024-11-06T19:00:00 IST" name="Test3" finished-at="2024-11-06T19:00:06 IST" duration-ms="6550" status="PASS">
          <reporter-output>
          </reporter-output>
        </test-method> <!-- Test3 -->
        <test-method is-config="true" signature="browserclose(org.testng.ITestResult)[pri:0, instance:testpackg.SearchboxTest@248e319b]" started-at="2024-11-06T19:00:06 IST" name="browserclose" finished-at="2024-11-06T19:00:06 IST" duration-ms="0" status="PASS">
          <params>
            <param index="0">
              <value>
                <![CDATA[[TestResult name=Test3 status=SUCCESS method=SearchboxTest.Test3()[pri:0, instance:testpackg.SearchboxTest@248e319b] output={null}]]]>
              </value>
            </param>
          </params>
          <reporter-output>
          </reporter-output>
        </test-method> <!-- browserclose -->
        <test-method is-config="true" signature="teardown()[pri:0, instance:testpackg.SearchboxTest@248e319b]" started-at="2024-11-06T19:00:06 IST" name="teardown" finished-at="2024-11-06T19:00:07 IST" duration-ms="508" status="PASS">
          <reporter-output>
          </reporter-output>
        </test-method> <!-- teardown -->
      </class> <!-- testpackg.SearchboxTest -->
    </test> <!-- Default test -->
  </suite> <!-- Default suite -->
</testng-results>
